C51 COMPILER V9.60.0.0   Q4_TRANSFER_A_SERIALLY_AT_4800                                    03/03/2022 22:49:19 PAGE 1   


C51 COMPILER V9.60.0.0, COMPILATION OF MODULE Q4_TRANSFER_A_SERIALLY_AT_4800
OBJECT MODULE PLACED IN .\Objects\Q4 transfer A serially at 4800.obj
COMPILER INVOKED BY: C:\keil 8051\C51\BIN\C51.EXE ..\..\lab 4\Q4 transfer A serially at 4800.c OPTIMIZE(8,SPEED) BROWSE 
                    -DEBUG OBJECTEXTEND PRINT(.\Listings\Q4 transfer A serially at 4800.lst) TABS(2) OBJECT(.\Objects\Q4 transfer A serially 
                    -at 4800.obj)

line level    source

   1          
   2          //ROHIT KUMBHAR [RA1911043010041]
   3          #include <reg51.h>
   4          void main(void){
   5   1        TMOD=0x20; //use Timer 1, mode 2
   6   1        TH1=0xFA; //4800 baud rate
   7   1        SCON=0x50;
   8   1        TR1=1;
   9   1        while (1) {
  10   2          SBUF=‘A’; //place value in buffer
*** ERROR C100 IN LINE 10 OF ..\..\lab 4\Q4 transfer A serially at 4800.c: unprintable character 0x91 skipped
*** ERROR C100 IN LINE 10 OF ..\..\lab 4\Q4 transfer A serially at 4800.c: unprintable character 0x92 skipped
*** ERROR C202 IN LINE 10 OF ..\..\lab 4\Q4 transfer A serially at 4800.c: 'A': undefined identifier
  11   2          while (TI==0);
  12   2          TI=0;
  13   2        }
  14   1      }

C51 COMPILATION COMPLETE.  0 WARNING(S),  3 ERROR(S)
