C51 COMPILER V9.60.0.0   8TRY                                                              02/08/2022 10:08:31 PAGE 1   


C51 COMPILER V9.60.0.0, COMPILATION OF MODULE 8TRY
OBJECT MODULE PLACED IN .\Objects\8try.obj
COMPILER INVOKED BY: C:\Keil_v5\C51\BIN\C51.EXE ..\Lab 3\8try.c OPTIMIZE(8,SPEED) BROWSE DEBUG OBJECTEXTEND PRINT(.\List
                    -ings\8try.lst) TABS(2) OBJECT(.\Objects\8try.obj)

line level    source

   1          #include<reg51.h>
   2          sbit door = P1^1;
   3          sbit buzzer = P1^7;
   4          void delay(unsigned int time);
   5          void main(void)
   6          {
   7   1             while(1)
   8   1                  {
   9   2                     if(door==1)
  10   2                       {
  11   3                         buzzer=1;
  12   3                         delay(5);
  13   3                         buzzer=0;
  14   3                         delay(5);
  15   3                       }
  16   2                     else
  17   2                       {
  18   3                         buzzer=0;
  19   3                        }
  20   2                  }
  21   1      }             
  22          void delay(unsigned int time)
  23                 {
  24   1                unsigned int i,j;
  25   1                for(i=0;i<time;i++)
  26   1                   {         
  27   2                       {
  28   3                         for(j=0;j<1275;j++);
  29   3                      }
  30   2      
  31   2                    }   
  32   1              }            


MODULE INFORMATION:   STATIC OVERLAYABLE
   CODE SIZE        =     59    ----
   CONSTANT SIZE    =   ----    ----
   XDATA SIZE       =   ----    ----
   PDATA SIZE       =   ----    ----
   DATA SIZE        =   ----    ----
   IDATA SIZE       =   ----    ----
   BIT SIZE         =   ----    ----
END OF MODULE INFORMATION.


C51 COMPILATION COMPLETE.  0 WARNING(S),  0 ERROR(S)
