A51 MACRO ASSEMBLER  AND                                                                  02/03/2022 22:13:44 PAGE     1


MACRO ASSEMBLER A51 V8.2.7.0
OBJECT MODULE PLACED IN .\Objects\AND.obj
ASSEMBLER INVOKED BY: C:\Keil_v5\C51\BIN\A51.EXE ..\lab 1\AND.asm SET(SMALL) DEBUG PRINT(.\Listings\AND.lst) OBJECT(.\Ob
                      jects\AND.obj) EP

LOC  OBJ            LINE     SOURCE

                       1     ;ROHIT KUMBHAR
0000                   2     ORG 0000H
0000 7401              3     MOV A, #01
0002 75F001            4     MOV B, #01
0005 55F0              5     ANL A, B
0007 F8                6     MOV R0, A
                       7     END
A51 MACRO ASSEMBLER  AND                                                                  02/03/2022 22:13:44 PAGE     2

SYMBOL TABLE LISTING
------ ----- -------


N A M E             T Y P E  V A L U E   ATTRIBUTES

B. . . . . . . . .  D ADDR   00F0H   A   


REGISTER BANK(S) USED: 0 


ASSEMBLY COMPLETE.  0 WARNING(S), 0 ERROR(S)
