C51 COMPILER V9.60.0.0   DATA_FROM_P0_SEND_TO_P1_IF_LESS_THAN_100_                         02/08/2022 22:48:01 PAGE 1   


C51 COMPILER V9.60.0.0, COMPILATION OF MODULE DATA_FROM_P0_SEND_TO_P1_IF_LESS_THAN_100_
OBJECT MODULE PLACED IN .\Objects\data from p0 send to p1 if less than 100[6].obj
COMPILER INVOKED BY: C:\Keil_v5\C51\BIN\C51.EXE ..\Lab 3\data from p0 send to p1 if less than 100[6].c OPTIMIZE(8,SPEED)
                    - BROWSE DEBUG OBJECTEXTEND PRINT(.\Listings\data from p0 send to p1 if less than 100[6].lst) TABS(2) OBJECT(.\Objects\da
                    -ta from p0 send to p1 if less than 100[6].obj)

line level    source

   1          #include <reg51.h>
   2          void main(void)
   3          {
   4   1      unsigned char mybyte;
   5   1      P0=0xFF; //make P0 input port
   6   1      while (1)
   7   1      {
   8   2      mybyte=P0; //get a byte from P0
   9   2      if (mybyte<100)
  10   2      P1=mybyte; //send it to P1
  11   2      else
  12   2      P2=mybyte; //send it to P2
  13   2      }
  14   1      }


MODULE INFORMATION:   STATIC OVERLAYABLE
   CODE SIZE        =     23    ----
   CONSTANT SIZE    =   ----    ----
   XDATA SIZE       =   ----    ----
   PDATA SIZE       =   ----    ----
   DATA SIZE        =   ----    ----
   IDATA SIZE       =   ----    ----
   BIT SIZE         =   ----    ----
END OF MODULE INFORMATION.


C51 COMPILATION COMPLETE.  0 WARNING(S),  0 ERROR(S)
