C51 COMPILER V9.60.0.0   LED_TO_P1_AND_P2__5_                                              02/08/2022 10:23:45 PAGE 1   


C51 COMPILER V9.60.0.0, COMPILATION OF MODULE LED_TO_P1_AND_P2__5_
OBJECT MODULE PLACED IN .\Objects\led to p1 and p2 [5].obj
COMPILER INVOKED BY: C:\Keil_v5\C51\BIN\C51.EXE ..\Lab 3\led to p1 and p2 [5].c OPTIMIZE(8,SPEED) BROWSE DEBUG OBJECTEXT
                    -END PRINT(.\Listings\led to p1 and p2 [5].lst) TABS(2) OBJECT(.\Objects\led to p1 and p2 [5].obj)

line level    source

   1          #include <reg51.h>
   2          #define LED P2
   3          void main(void)
   4          {
   5   1      P1=00; //clear P1
   6   1      LED=0; //clear P2
   7   1      for (;;) //repeat forever
   8   1        {
   9   2        P1++; //increment P1
  10   2        LED++; //increment P2
  11   2        }
  12   1      }


MODULE INFORMATION:   STATIC OVERLAYABLE
   CODE SIZE        =     11    ----
   CONSTANT SIZE    =   ----    ----
   XDATA SIZE       =   ----    ----
   PDATA SIZE       =   ----    ----
   DATA SIZE        =   ----    ----
   IDATA SIZE       =   ----    ----
   BIT SIZE         =   ----    ----
END OF MODULE INFORMATION.


C51 COMPILATION COMPLETE.  0 WARNING(S),  0 ERROR(S)
