C51 COMPILER V9.60.0.0   Q1_GENERATE_DELAY                                                 02/15/2022 10:04:02 PAGE 1   


C51 COMPILER V9.60.0.0, COMPILATION OF MODULE Q1_GENERATE_DELAY
OBJECT MODULE PLACED IN .\Objects\Q1 generate delay.obj
COMPILER INVOKED BY: C:\Keil_v5\C51\BIN\C51.EXE ..\lab 4\Q1 generate delay.c OPTIMIZE(8,SPEED) BROWSE DEBUG OBJECTEXTEND
                    - PRINT(.\Listings\Q1 generate delay.lst) TABS(2) OBJECT(.\Objects\Q1 generate delay.obj)

line level    source

   1          #include <reg51.h>
   2          void T0Delay(void);
   3          void main(void){
   4   1        while (1) {
   5   2          P1=0x55; //01010101
   6   2          T0Delay();
   7   2          P1=0xAA; //10101010
   8   2          T0Delay();
   9   2          }
  10   1        }
  11          void T0Delay(){
  12   1        TMOD=0x01;
  13   1        TL0=0x00;
  14   1        TH0=0x35; //T0=3500H
  15   1        TR0=1;
  16   1        while (TF0==0); //3500 INCREMENTED UNTIL IT REACHES TO THE MAXIMUM VALUE OF FFFFH - 0000H
  17   1        TR0=0;
  18   1      }


MODULE INFORMATION:   STATIC OVERLAYABLE
   CODE SIZE        =     31    ----
   CONSTANT SIZE    =   ----    ----
   XDATA SIZE       =   ----    ----
   PDATA SIZE       =   ----    ----
   DATA SIZE        =   ----    ----
   IDATA SIZE       =   ----    ----
   BIT SIZE         =   ----    ----
END OF MODULE INFORMATION.


C51 COMPILATION COMPLETE.  0 WARNING(S),  0 ERROR(S)
