C51 COMPILER V9.60.0.0   Q5_PUT_DATA_SERIALLY_IN_P1                                        02/15/2022 09:43:03 PAGE 1   


C51 COMPILER V9.60.0.0, COMPILATION OF MODULE Q5_PUT_DATA_SERIALLY_IN_P1
OBJECT MODULE PLACED IN .\Objects\Q5 put data serially in p1.obj
COMPILER INVOKED BY: C:\Keil_v5\C51\BIN\C51.EXE ..\lab 4\Q5 put data serially in p1.c OPTIMIZE(8,SPEED) BROWSE DEBUG OBJ
                    -ECTEXTEND PRINT(.\Listings\Q5 put data serially in p1.lst) TABS(2) OBJECT(.\Objects\Q5 put data serially in p1.obj)

line level    source

   1          #include <reg51.h>
   2          void main(void){
   3   1          unsigned char mybyte;
   4   1          TMOD=0x20; //use Timer 1, mode 2
   5   1          TH1=0xFA; //4800 baud rate
   6   1          SCON=0x50;
   7   1          TR1=1; //start timer
   8   1          while (1) { //repeat forever
   9   2              while (RI==0); //wait to receive
  10   2                mybyte=SBUF; //save value
  11   2              P1=mybyte; //write value to port
  12   2              RI=0;
  13   2            }
  14   1      }


MODULE INFORMATION:   STATIC OVERLAYABLE
   CODE SIZE        =     22    ----
   CONSTANT SIZE    =   ----    ----
   XDATA SIZE       =   ----    ----
   PDATA SIZE       =   ----    ----
   DATA SIZE        =   ----    ----
   IDATA SIZE       =   ----    ----
   BIT SIZE         =   ----    ----
END OF MODULE INFORMATION.


C51 COMPILATION COMPLETE.  0 WARNING(S),  0 ERROR(S)
