C51 COMPILER V9.60.0.0   TOGGLE_P1_250MS_3_                                                02/08/2022 22:44:00 PAGE 1   


C51 COMPILER V9.60.0.0, COMPILATION OF MODULE TOGGLE_P1_250MS_3_
OBJECT MODULE PLACED IN .\Objects\toggle p1 250ms[3].obj
COMPILER INVOKED BY: C:\Keil_v5\C51\BIN\C51.EXE ..\Lab 3\toggle p1 250ms[3].c OPTIMIZE(8,SPEED) BROWSE DEBUG OBJECTEXTEN
                    -D PRINT(.\Listings\toggle p1 250ms[3].lst) TABS(2) OBJECT(.\Objects\toggle p1 250ms[3].obj)

line level    source

   1          #include <reg51.h>
   2          void MSDelay(unsigned int);
   3          void main(void)
   4          {
   5   1        P0=0x55; 
   6   1        P2=0x55;
   7   1      while (1)
   8   1        {
   9   2          P0=~P0; //0x55: 0101 0101 ; 0xAA: 1010 1010
  10   2          P2=P2^0xFF; //0x55 Ex-ORed 0xFF = P2 itself
  11   2          MSDelay(250);
  12   2        }
  13   1      }
  14          void MSDelay(unsigned int itime)
  15            {
  16   1          unsigned int i,j;
  17   1          for (i=0;i<itime;i++)
  18   1          for (j=0;j<1275;j++);
  19   1        }


MODULE INFORMATION:   STATIC OVERLAYABLE
   CODE SIZE        =     53    ----
   CONSTANT SIZE    =   ----    ----
   XDATA SIZE       =   ----    ----
   PDATA SIZE       =   ----    ----
   DATA SIZE        =   ----    ----
   IDATA SIZE       =   ----    ----
   BIT SIZE         =   ----    ----
END OF MODULE INFORMATION.


C51 COMPILATION COMPLETE.  0 WARNING(S),  0 ERROR(S)
