C51 COMPILER V9.60.0.0   TOGGLE_BITS_P1_1_                                                 02/08/2022 22:38:20 PAGE 1   


C51 COMPILER V9.60.0.0, COMPILATION OF MODULE TOGGLE_BITS_P1_1_
OBJECT MODULE PLACED IN .\Objects\toggle bits p1[1].obj
COMPILER INVOKED BY: C:\Keil_v5\C51\BIN\C51.EXE ..\Lab 3\toggle bits p1[1].c OPTIMIZE(8,SPEED) BROWSE DEBUG OBJECTEXTEND
                    - PRINT(.\Listings\toggle bits p1[1].lst) TABS(2) OBJECT(.\Objects\toggle bits p1[1].obj)

line level    source

   1          #include <reg51.h>
   2          
   3          void main(void) {
   4   1      
   5   1        unsigned int x;
   6   1      
   7   1        for (;;) {   
   8   2      
   9   2          P1=0x55;      
  10   2      
  11   2          for (x=0;x<40000;x++); //time delay
  12   2      
  13   2          P1=0xAA;  
  14   2      
  15   2          for (x=0;x<40000;x++);   }}


MODULE INFORMATION:   STATIC OVERLAYABLE
   CODE SIZE        =     58    ----
   CONSTANT SIZE    =   ----    ----
   XDATA SIZE       =   ----    ----
   PDATA SIZE       =   ----    ----
   DATA SIZE        =   ----    ----
   IDATA SIZE       =   ----    ----
   BIT SIZE         =   ----    ----
END OF MODULE INFORMATION.


C51 COMPILATION COMPLETE.  0 WARNING(S),  0 ERROR(S)
