C51 COMPILER V9.60.0.0   TOGGLE_BITS_P1                                                    02/08/2022 09:02:23 PAGE 1   


C51 COMPILER V9.60.0.0, COMPILATION OF MODULE TOGGLE_BITS_P1
OBJECT MODULE PLACED IN .\Objects\toggle bits p1.obj
COMPILER INVOKED BY: C:\Keil_v5\C51\BIN\C51.EXE ..\Lab 3\toggle bits p1.c OPTIMIZE(8,SPEED) BROWSE DEBUG OBJECTEXTEND PR
                    -INT(.\Listings\toggle bits p1.lst) TABS(2) OBJECT(.\Objects\toggle bits p1.obj)

line level    source

   1          //Toggle P1 forever with some delay in between
   2          #include <regx51.h>
   3          void main(void)
   4          {
   5   1        unsigned int x;
   6   1        for (;;) //repeat forever
   7   1        {
   8   2          p1=0x55; //0101 0101 - 1010 1010
*** ERROR C202 IN LINE 8 OF ..\Lab 3\toggle bits p1.c: 'p1': undefined identifier
   9   2          for (x=0;x<40000;x++); //delay size
  10   2          {
  11   3            p1=0xAA;
*** ERROR C202 IN LINE 11 OF ..\Lab 3\toggle bits p1.c: 'p1': undefined identifier
  12   3          }
  13   2        for (x=0;x<40000;x++);
  14   2        }
  15   1      }

C51 COMPILATION COMPLETE.  0 WARNING(S),  2 ERROR(S)
